Assembler report for dom
Tue Aug 24 09:53:34 2004
Version 4.0 Build 214 3/25/2004 Service Pack 1 SJ Full Version


---------------------
; Table of Contents ;
---------------------
  1. Legal Notice
  2. Assembler Summary
  3. Assembler Settings
  4. Assembler Generated Files
  5. Assembler Device Options: c:/work_lbnl/IceCubeCVS/dom-fpga/domapp/dom.psof
  6. Assembler Device Options: c:/work_lbnl/IceCubeCVS/dom-fpga/domapp/dom.sof
  7. Assembler Device Options: c:/work_lbnl/IceCubeCVS/dom-fpga/domapp/dom.pof
  8. Assembler Device Options: c:/work_lbnl/IceCubeCVS/dom-fpga/domapp/dom_1.pof
  9. Assembler Device Options: c:/work_lbnl/IceCubeCVS/dom-fpga/domapp/dom_2.pof
 10. Assembler Messages



----------------
; Legal Notice ;
----------------
Copyright (C) 1991-2004 Altera Corporation
Any  megafunction  design,  and related netlist (encrypted  or  decrypted),
support information,  device programming or simulation file,  and any other
associated  documentation or information  provided by  Altera  or a partner
under  Altera's   Megafunction   Partnership   Program  may  be  used  only
to program  PLD  devices (but not masked  PLD  devices) from  Altera.   Any
other  use  of such  megafunction  design,  netlist,  support  information,
device programming or simulation file,  or any other  related documentation
or information  is prohibited  for  any  other purpose,  including, but not
limited to  modification,  reverse engineering,  de-compiling, or use  with
any other  silicon devices,  unless such use is  explicitly  licensed under
a separate agreement with  Altera  or a megafunction partner.  Title to the
intellectual property,  including patents,  copyrights,  trademarks,  trade
secrets,  or maskworks,  embodied in any such megafunction design, netlist,
support  information,  device programming or simulation file,  or any other
related documentation or information provided by  Altera  or a megafunction
partner, remains with Altera, the megafunction partner, or their respective
licensors. No other licenses, including any licenses needed under any third
party's intellectual property, are provided herein.



+---------------------------------------------------------------+
; Assembler Summary                                             ;
+-----------------------+---------------------------------------+
; Assembler Status      ; Successful - Tue Aug 24 09:53:34 2004 ;
; Revision Name         ; dom                                   ;
; Top-level Entity Name ; domapp                                ;
; Family                ; EXCALIBUR_ARM                         ;
; Device                ; EPXA4F672I2                           ;
+-----------------------+---------------------------------------+


+------------------------------------------------------------------------------------------------------------------+
; Assembler Settings                                                                                               ;
+-------------------------------------------------------------------------------------------------------------------
; Option                                                                                ; Setting  ; Default Value ;
+---------------------------------------------------------------------------------------+----------+---------------+
; Configuration device                                                                  ; Epc2     ; Auto          ;
; Generate Hexadecimal (Intel-format) Output File (.hexout) For Configuration Device    ; Off      ; Off           ;
; Generate a compressed Jam STAPL Byte Code 2.0 File (.jbc) For Configuration Device    ; On       ; On            ;
; Generate an uncompressed Jam STAPL Byte Code 2.0 File (.jbc) For Configuration Device ; Off      ; Off           ;
; Generate a JEDEC STAPL Format File (.jam) For Configuration Device                    ; Off      ; Off           ;
; Generate In System Configuration File (.isc) For Configuration Device                 ; Off      ; Off           ;
; Generate Serial Vector Format File (.svf) For Configuration Device                    ; Off      ; Off           ;
; Generate a compressed Jam STAPL Byte Code 2.0 File (.jbc) for Target Device           ; On       ; On            ;
; Generate an uncompressed Jam STAPL Byte Code 2.0 File (.jbc) for Target Device        ; Off      ; Off           ;
; Generate a JEDEC STAPL Format File (.jam) for Target Device                           ; Off      ; Off           ;
; Generate In System Configuration File (.isc) for Target Device                        ; Off      ; Off           ;
; Generate Serial Vector Format File (.svf) for Target Device                           ; Off      ; Off           ;
; Hexadecimal Output File count direction                                               ; Up       ; Up            ;
; Hexadecimal Output File start address                                                 ; 0        ; 0             ;
; Generate Hexadecimal (Intel-Format) Output File (.hexout) for Target Device           ; Off      ; Off           ;
; Generate Raw Binary File (.rbf) For Target Device                                     ; Off      ; Off           ;
; Generate Tabular Text File (.ttf) For Target Device                                   ; Off      ; Off           ;
; Disable CONF_DONE and nSTATUS pull-ups on configuration device                        ; Off      ; Off           ;
; Auto-increment JTAG user code for multiple configuration devices                      ; On       ; On            ;
; Configuration device auto user code                                                   ; off      ; off           ;
; JTAG user code for configuration device                                               ; Ffffffff ; Ffffffff      ;
; Use configuration device                                                              ; On       ; On            ;
; Auto user code                                                                        ; off      ; off           ;
; JTAG user code for target device                                                      ; Ffffffff ; Ffffffff      ;
; Low-voltage mode                                                                      ; on       ; on            ;
; Divide clock frequency by                                                             ; 1        ; 1             ;
; Clock frequency of the configuration device                                           ; 10 MHz   ; 10 MHz        ;
; Clock source for configuration device                                                 ; Internal ; Internal      ;
; Compression mode                                                                      ; Off      ; Off           ;
+---------------------------------------------------------------------------------------+----------+---------------+


+---------------------------------------------------+
; Assembler Generated Files                         ;
+----------------------------------------------------
; File Name                                         ;
+---------------------------------------------------+
; c:/work_lbnl/IceCubeCVS/dom-fpga/domapp/dom.psof  ;
; c:/work_lbnl/IceCubeCVS/dom-fpga/domapp/dom.sof   ;
; c:/work_lbnl/IceCubeCVS/dom-fpga/domapp/dom.pof   ;
; c:/work_lbnl/IceCubeCVS/dom-fpga/domapp/dom_1.pof ;
; c:/work_lbnl/IceCubeCVS/dom-fpga/domapp/dom_2.pof ;
+---------------------------------------------------+


+----------------------------------------------------------------------------+
; Assembler Device Options: c:/work_lbnl/IceCubeCVS/dom-fpga/domapp/dom.psof ;
+-----------------------------------------------------------------------------
; Option         ; Setting                                                   ;
+----------------+-----------------------------------------------------------+
; Device         ; EPXA4F672I2                                               ;
; JTAG usercode  ; 0xFFFFFFFF                                                ;
; Checksum       ; 0x00379DF3                                                ;
+----------------+-----------------------------------------------------------+


+---------------------------------------------------------------------------+
; Assembler Device Options: c:/work_lbnl/IceCubeCVS/dom-fpga/domapp/dom.sof ;
+----------------------------------------------------------------------------
; Option         ; Setting                                                  ;
+----------------+----------------------------------------------------------+
; Device         ; EPXA4F672I2                                              ;
; JTAG usercode  ; 0xFFFFFFFF                                               ;
; Checksum       ; 0x00379DF3                                               ;
+----------------+----------------------------------------------------------+


+---------------------------------------------------------------------------+
; Assembler Device Options: c:/work_lbnl/IceCubeCVS/dom-fpga/domapp/dom.pof ;
+----------------------------------------------------------------------------
; Option         ; Setting                                                  ;
+----------------+----------------------------------------------------------+
; Device         ; EPC2                                                     ;
; JTAG usercode  ; 0xFFFFFFFF                                               ;
; Checksum       ; 0x0028F34E                                               ;
+----------------+----------------------------------------------------------+


+-----------------------------------------------------------------------------+
; Assembler Device Options: c:/work_lbnl/IceCubeCVS/dom-fpga/domapp/dom_1.pof ;
+------------------------------------------------------------------------------
; Option         ; Setting                                                    ;
+----------------+------------------------------------------------------------+
; Device         ; EPC2                                                       ;
; JTAG usercode  ; 0xFFFFFFFF                                                 ;
; Checksum       ; 0x00163783                                                 ;
+----------------+------------------------------------------------------------+


+-----------------------------------------------------------------------------+
; Assembler Device Options: c:/work_lbnl/IceCubeCVS/dom-fpga/domapp/dom_2.pof ;
+------------------------------------------------------------------------------
; Option         ; Setting                                                    ;
+----------------+------------------------------------------------------------+
; Device         ; EPC2                                                       ;
; JTAG usercode  ; 0xFFFFFFFF                                                 ;
; Checksum       ; 0x0235B086                                                 ;
+----------------+------------------------------------------------------------+


+---------------------+
; Assembler Messages  ;
+---------------------+
Info: *******************************************************************
Info: Running Quartus II Assembler
    Info: Version 4.0 Build 214 3/25/2004 Service Pack 1 SJ Full Version
    Info: Copyright (C) 1991-2004 Altera Corporation. All rights reserved.
    Info: Quartus is a registered trademark of Altera Corporation in the 
    Info: US and other countries.  Portions of the Quartus II software   
    Info: code, and other portions of the code included in this download 
    Info: or on this CD, are licensed to Altera Corporation and are the  
    Info: copyrighted property of third parties who may include, without 
    Info: limitation, Sun Microsystems, The Regents of the University of 
    Info: California, Softel vdm., and Verific Design Automation Inc. 
    Info: Warning:  This computer program is protected by copyright law  
    Info: and international treaties. Unauthorized reproduction or       
    Info: distribution of this program, or any portion of it, may result 
    Info: in severe civil and criminal penalties, and will be prosecuted 
    Info: to the maximum extent possible under the law.
    Info: Processing started: Tue Aug 24 09:53:28 2004
Info: Command: quartus_asm --import_settings_files=off --export_settings_files=off domapp -c dom
Warning: Data in Simulator initialization files holds embedded processor core in reset because Hexadecimal (Intel-Format) File(s) do not contain initialization data for entry point 0x0 or entry point is in memory external to Excalibur embedded processor stripe
Warning: Data in passive programming files holds embedded processor core in reset because Hexadecimal (Intel-Format) Files do not contain initialization data for entry point 0x0
Warning: Data in passive programming files holds embedded processor core in reset because Hexadecimal (Intel-Format) Files do not contain initialization data for entry point 0x0
Info: Quartus II Assembler was successful. 0 errors, 3 warnings
    Info: Processing ended: Tue Aug 24 09:53:34 2004
    Info: Elapsed time: 00:00:05


